Replace Part C? GCJ32DR72A225KA01L in C:\Users\Public\Documents\Altium\Controller\Half_Bridge.SchDoc with GCJ32DR72A225KA01L from Schlib2.SchLib
Replace Part C? GCJ188R72A104KA01D in C:\Users\Public\Documents\Altium\Controller\Half_Bridge.SchDoc with GCJ188R72A104KA01D from Schlib2.SchLib
Replace Part C? GCJ188R72A104KA01D in C:\Users\Public\Documents\Altium\Controller\Half_Bridge.SchDoc with GCJ188R72A104KA01D from Schlib2.SchLib
Replace Part C? CL31B106KAHVPNE in C:\Users\Public\Documents\Altium\Controller\Half_Bridge.SchDoc with CL31B106KAHVPNE from Schlib2.SchLib
Replace Part C? CL31B106KAHVPNE in C:\Users\Public\Documents\Altium\Controller\Half_Bridge.SchDoc with CL31B106KAHVPNE from Schlib2.SchLib
Replace Part C? GCJ188R72A104KA01D in C:\Users\Public\Documents\Altium\Controller\Half_Bridge.SchDoc with GCJ188R72A104KA01D from Schlib2.SchLib
Replace Part C? CL31B106KAHVPNE in C:\Users\Public\Documents\Altium\Controller\Half_Bridge.SchDoc with CL31B106KAHVPNE from Schlib2.SchLib
Replace Part NTC? NTCS0603E3103FLT in C:\Users\Public\Documents\Altium\Controller\Half_Bridge.SchDoc with NTCS0603E3103FLT from Schlib2.SchLib
Replace Part Q? FDBL86210-F085 in C:\Users\Public\Documents\Altium\Controller\Half_Bridge.SchDoc with FDBL86210-F085 from Schlib2.SchLib
Replace Part Q? FDBL86210-F085 in C:\Users\Public\Documents\Altium\Controller\Half_Bridge.SchDoc with FDBL86210-F085 from Schlib2.SchLib
Replace Part Q? FDBL86210-F085 in C:\Users\Public\Documents\Altium\Controller\Half_Bridge.SchDoc with FDBL86210-F085 from Schlib2.SchLib
Replace Part Q? FDBL86210-F085 in C:\Users\Public\Documents\Altium\Controller\Half_Bridge.SchDoc with FDBL86210-F085 from Schlib2.SchLib
Replace Part Q? FDBL86210-F085 in C:\Users\Public\Documents\Altium\Controller\Half_Bridge.SchDoc with FDBL86210-F085 from Schlib2.SchLib
Replace Part Q? FDBL86210-F085 in C:\Users\Public\Documents\Altium\Controller\Half_Bridge.SchDoc with FDBL86210-F085 from Schlib2.SchLib
Replace Part R? HCS1206FTL500 in C:\Users\Public\Documents\Altium\Controller\Half_Bridge.SchDoc with HCS1206FTL500 from Schlib2.SchLib
Replace Part R? HCS1206FTL500 in C:\Users\Public\Documents\Altium\Controller\Half_Bridge.SchDoc with HCS1206FTL500 from Schlib2.SchLib
Replace Part R? RMCF0603JT2R00 in C:\Users\Public\Documents\Altium\Controller\Half_Bridge.SchDoc with RMCF0603JT2R00 from Schlib2.SchLib
Replace Part R? RMCF0603JT2R00 in C:\Users\Public\Documents\Altium\Controller\Half_Bridge.SchDoc with RMCF0603JT2R00 from Schlib2.SchLib
Replace Part R? HCS1206FTL500 in C:\Users\Public\Documents\Altium\Controller\Half_Bridge.SchDoc with HCS1206FTL500 from Schlib2.SchLib
Replace Part R? RMCF0603FT10K0 in C:\Users\Public\Documents\Altium\Controller\Half_Bridge.SchDoc with RMCF0603FT10K0 from Schlib2.SchLib
Replace Part U? UCC27212AQDDARQ1 in C:\Users\Public\Documents\Altium\Controller\Half_Bridge.SchDoc with UCC27212AQDDARQ1 from Schlib2.SchLib
Replace Part U? INA240A1EDRQ1 in C:\Users\Public\Documents\Altium\Controller\Half_Bridge.SchDoc with INA240A1EDRQ1 from Schlib2.SchLib
