Replace Part C1 CGA3E1X7R1C105K080AC in C:\Users\Public\Documents\Altium\Controller\MCU.SchDoc with CGA3E1X7R1C105K080AC from Schlib2.SchLib
Replace Part C2 GCM188R72A103KA37D in C:\Users\Public\Documents\Altium\Controller\MCU.SchDoc with GCM188R72A103KA37D from Schlib2.SchLib
Replace Part C3 GRT188C81E225KE13D in C:\Users\Public\Documents\Altium\Controller\MCU.SchDoc with GRT188C81E225KE13D from Schlib2.SchLib
Replace Part C4 GRT188C81E225KE13D in C:\Users\Public\Documents\Altium\Controller\MCU.SchDoc with GRT188C81E225KE13D from Schlib2.SchLib
Replace Part C5 CGA3E2X7R1H104K080AA in C:\Users\Public\Documents\Altium\Controller\MCU.SchDoc with CGA3E2X7R1H104K080AA from Schlib2.SchLib
Replace Part C6 GCM1885C2A100JA16D in C:\Users\Public\Documents\Altium\Controller\MCU.SchDoc with GCM1885C2A100JA16D from Schlib2.SchLib
Replace Part C7 GCM1885C2A100JA16D in C:\Users\Public\Documents\Altium\Controller\MCU.SchDoc with GCM1885C2A100JA16D from Schlib2.SchLib
Replace Part C8 GCM1885C2A180JA16D in C:\Users\Public\Documents\Altium\Controller\MCU.SchDoc with GCM1885C2A180JA16D from Schlib2.SchLib
Replace Part C9 GCM1885C2A180JA16D in C:\Users\Public\Documents\Altium\Controller\MCU.SchDoc with GCM1885C2A180JA16D from Schlib2.SchLib
Replace Part C10 GCM31CR71E475KA55L in C:\Users\Public\Documents\Altium\Controller\MCU.SchDoc with GCM31CR71E475KA55L from Schlib2.SchLib
Replace Part C11 CGA3E2X7R1H104K080AA in C:\Users\Public\Documents\Altium\Controller\MCU.SchDoc with CGA3E2X7R1H104K080AA from Schlib2.SchLib
Replace Part C12 CGA3E2X7R1H104K080AA in C:\Users\Public\Documents\Altium\Controller\MCU.SchDoc with CGA3E2X7R1H104K080AA from Schlib2.SchLib
Replace Part C13 CGA3E2X7R1H104K080AA in C:\Users\Public\Documents\Altium\Controller\MCU.SchDoc with CGA3E2X7R1H104K080AA from Schlib2.SchLib
Replace Part C14 CGA3E2X7R1H104K080AA in C:\Users\Public\Documents\Altium\Controller\MCU.SchDoc with CGA3E2X7R1H104K080AA from Schlib2.SchLib
Replace Part C15 GRT188C81E225KE13D in C:\Users\Public\Documents\Altium\Controller\MCU.SchDoc with GRT188C81E225KE13D from Schlib2.SchLib
Replace Part R1 RK73Z1JTTD in C:\Users\Public\Documents\Altium\Controller\MCU.SchDoc with RK73Z1JTTD from Schlib2.SchLib
Replace Part R2 RK73Z1JTTD in C:\Users\Public\Documents\Altium\Controller\MCU.SchDoc with RK73Z1JTTD from Schlib2.SchLib
Replace Part R3 RK73Z1JTTD in C:\Users\Public\Documents\Altium\Controller\MCU.SchDoc with RK73Z1JTTD from Schlib2.SchLib
Replace Part R4 RK73Z1JTTD in C:\Users\Public\Documents\Altium\Controller\MCU.SchDoc with RK73Z1JTTD from Schlib2.SchLib
Replace Part R5 RK73Z1JTTD in C:\Users\Public\Documents\Altium\Controller\MCU.SchDoc with RK73Z1JTTD from Schlib2.SchLib
Replace Part U1 STM32F401RET6 in C:\Users\Public\Documents\Altium\Controller\MCU.SchDoc with STM32F401RET6 from Schlib2.SchLib
Replace Part X1 NX3225GD-8MHZ-STD-CRA-3 in C:\Users\Public\Documents\Altium\Controller\MCU.SchDoc with NX3225GD-8MHZ-STD-CRA-3 from Schlib2.SchLib
Replace Part X2 NX3215SA-32.768K-STD-MUS-2 in C:\Users\Public\Documents\Altium\Controller\MCU.SchDoc with NX3215SA-32.768K-STD-MUS-2 from Schlib2.SchLib
