Replace Part C1 CGA4J1X7R1H475K125AC in C:\Users\Public\Documents\Altium\Controller\Power.SchDoc with CGA4J1X7R1H475K125AC from Schlib2.SchLib
Replace Part C2 08055C104K4Z2A in C:\Users\Public\Documents\Altium\Controller\Power.SchDoc with 08055C104K4Z2A from Schlib2.SchLib
Replace Part C3 GRT21BR61E226ME13L in C:\Users\Public\Documents\Altium\Controller\Power.SchDoc with GRT21BR61E226ME13L from Schlib2.SchLib
Replace Part C5 CGA3E2X7R1H104K080AA in C:\Users\Public\Documents\Altium\Controller\Power.SchDoc with CGA3E2X7R1H104K080AA from Schlib2.SchLib
Replace Part C6 C0603C151J5GACAUTO in C:\Users\Public\Documents\Altium\Controller\Power.SchDoc with C0603C151J5GACAUTO from Schlib2.SchLib
Replace Part C9 CGA3E2C0G1H472J080AA in C:\Users\Public\Documents\Altium\Controller\Power.SchDoc with CGA3E2C0G1H472J080AA from Schlib2.SchLib
Replace Part C10 CGA3E3X5R1H105K080AB in C:\Users\Public\Documents\Altium\Controller\Power.SchDoc with CGA3E3X5R1H105K080AB from Schlib2.SchLib
Replace Part C? 08055C104K4Z2A in C:\Users\Public\Documents\Altium\Controller\Power.SchDoc with 08055C104K4Z2A from Schlib2.SchLib
Replace Part C? CGA4J1X7R1H475K125AC in C:\Users\Public\Documents\Altium\Controller\Power.SchDoc with CGA4J1X7R1H475K125AC from Schlib2.SchLib
Replace Part C? CGA3E2X7R1H104K080AA in C:\Users\Public\Documents\Altium\Controller\Power.SchDoc with CGA3E2X7R1H104K080AA from Schlib2.SchLib
Replace Part C? CGA3E3X5R1H105K080AB in C:\Users\Public\Documents\Altium\Controller\Power.SchDoc with CGA3E3X5R1H105K080AB from Schlib2.SchLib
Replace Part C? CL10C121JB81PNC in C:\Users\Public\Documents\Altium\Controller\Power.SchDoc with CL10C121JB81PNC from Schlib2.SchLib
Replace Part C? GRT21BR61E226ME13L in C:\Users\Public\Documents\Altium\Controller\Power.SchDoc with GRT21BR61E226ME13L from Schlib2.SchLib
Replace Part C? CGA3E2C0G1H472J080AA in C:\Users\Public\Documents\Altium\Controller\Power.SchDoc with CGA3E2C0G1H472J080AA from Schlib2.SchLib
Replace Part Cac C0805C470K5GACAUTO in C:\Users\Public\Documents\Altium\Controller\Power.SchDoc with C0805C470K5GACAUTO from Schlib2.SchLib
Replace Part Cbst CL21B222KB6WPNC in C:\Users\Public\Documents\Altium\Controller\Power.SchDoc with CL21B222KB6WPNC from Schlib2.SchLib
Replace Part Cin GCJ32DR72A225KA01L in C:\Users\Public\Documents\Altium\Controller\Power.SchDoc with GCJ32DR72A225KA01L from Schlib2.SchLib
Replace Part Cout CL31B106KAHVPNE in C:\Users\Public\Documents\Altium\Controller\Power.SchDoc with CL31B106KAHVPNE from Schlib2.SchLib
Replace Part Cr GCM155R71H122KA37D in C:\Users\Public\Documents\Altium\Controller\Power.SchDoc with GCM155R71H122KA37D from Schlib2.SchLib
Replace Part L1 MSS1210-683MED in C:\Users\Public\Documents\Altium\Controller\Power.SchDoc with MSS1210-683MED from Schlib2.SchLib
Replace Part L? 744771127 in C:\Users\Public\Documents\Altium\Controller\Power.SchDoc with 744771127 from Schlib2.SchLib
Replace Part L? 744771127 in C:\Users\Public\Documents\Altium\Controller\Power.SchDoc with 744771127 from Schlib2.SchLib
Replace Part R6 RMCF0603FT100K in C:\Users\Public\Documents\Altium\Controller\Power.SchDoc with RMCF0603FT100K from Schlib2.SchLib
Replace Part R? RNCF0603BKE172K in C:\Users\Public\Documents\Altium\Controller\Power.SchDoc with RNCF0603BKE172K from Schlib2.SchLib
Replace Part R? RMCF0603FT100K in C:\Users\Public\Documents\Altium\Controller\Power.SchDoc with RMCF0603FT100K from Schlib2.SchLib
Replace Part R? ERJ-3EKF4122V in C:\Users\Public\Documents\Altium\Controller\Power.SchDoc with ERJ-3EKF4122V from Schlib2.SchLib
Replace Part R? RMCF0603FT100K in C:\Users\Public\Documents\Altium\Controller\Power.SchDoc with RMCF0603FT100K from Schlib2.SchLib
Replace Part R? RK73H1JTTD20R0F in C:\Users\Public\Documents\Altium\Controller\Power.SchDoc with RK73H1JTTD20R0F from Schlib2.SchLib
Replace Part R? RK73Z1JTTD in C:\Users\Public\Documents\Altium\Controller\Power.SchDoc with RK73Z1JTTD from Schlib2.SchLib
Replace Part R? RK73Z1JTTD in C:\Users\Public\Documents\Altium\Controller\Power.SchDoc with RK73Z1JTTD from Schlib2.SchLib
Replace Part R? RNCF0603BKE172K in C:\Users\Public\Documents\Altium\Controller\Power.SchDoc with RNCF0603BKE172K from Schlib2.SchLib
Replace Part R? RMCF0603FT13K3 in C:\Users\Public\Documents\Altium\Controller\Power.SchDoc with RMCF0603FT13K3 from Schlib2.SchLib
Replace Part R? RK73H1JTTD1872F in C:\Users\Public\Documents\Altium\Controller\Power.SchDoc with RK73H1JTTD1872F from Schlib2.SchLib
Replace Part R? RMCF0603FT100K in C:\Users\Public\Documents\Altium\Controller\Power.SchDoc with RMCF0603FT100K from Schlib2.SchLib
Replace Part R? RK73H1JTTD20R0F in C:\Users\Public\Documents\Altium\Controller\Power.SchDoc with RK73H1JTTD20R0F from Schlib2.SchLib
Replace Part R? RK73H1JTTD1872F in C:\Users\Public\Documents\Altium\Controller\Power.SchDoc with RK73H1JTTD1872F from Schlib2.SchLib
Replace Part R? ERJ-3EKF4122V in C:\Users\Public\Documents\Altium\Controller\Power.SchDoc with ERJ-3EKF4122V from Schlib2.SchLib
Replace Part R? ERJ-3EKF7871V in C:\Users\Public\Documents\Altium\Controller\Power.SchDoc with ERJ-3EKF7871V from Schlib2.SchLib
Replace Part Rfbb RMCF0603FT49K9 in C:\Users\Public\Documents\Altium\Controller\Power.SchDoc with RMCF0603FT49K9 from Schlib2.SchLib
Replace Part Rfbt RMCF0603FT453K in C:\Users\Public\Documents\Altium\Controller\Power.SchDoc with RMCF0603FT453K from Schlib2.SchLib
Replace Part Ron CRCW0805100KFKEA in C:\Users\Public\Documents\Altium\Controller\Power.SchDoc with CRCW0805100KFKEA from Schlib2.SchLib
Replace Part Rr ERJ-6ENF2373V in C:\Users\Public\Documents\Altium\Controller\Power.SchDoc with ERJ-6ENF2373V from Schlib2.SchLib
Replace Part U1 LM5164QDDARQ1 in C:\Users\Public\Documents\Altium\Controller\Power.SchDoc with LM5164QDDARQ1 from Schlib2.SchLib
Replace Part U2 MPQ4432GL-AEC1-Z in C:\Users\Public\Documents\Altium\Controller\Power.SchDoc with MPQ4432GL-AEC1-Z from Schlib2.SchLib
Replace Part U? MPQ4432GL-AEC1-Z in C:\Users\Public\Documents\Altium\Controller\Power.SchDoc with MPQ4432GL-AEC1-Z from Schlib2.SchLib
